<?xml version="1.0" encoding="UTF-8"?><testrun name="TestRunner" project="BDD_Cucumber_BankingProject" tests="5" started="3" failures="0" errors="2" ignored="0">
  <testsuite name="StepDefinition3.TestRunner" incomplete="true">
    <testsuite name="Validate AccountDetails functionality of GrotechMinds Banking Application" time="30.927">
      <testcase name="Validate AccountDetails functionality of GroTechMind Banking Application" classname="Validate AccountDetails functionality of GrotechMinds Banking Application" time="30.927">
        <error>org.openqa.selenium.ElementClickInterceptedException: element click intercepted: Element &lt;span class="EIKVqt wixui-button__label"&gt;...&lt;/span&gt; is not clickable at point (445, 247). Other element would receive the click: &lt;div id="menuitem-1" class="CEK3nk" data-testid="designable_list_option" role="option" aria-selected="false" tabindex="-1"&gt;...&lt;/div&gt;
  (Session info: chrome=135.0.7049.115)
Build info: version: '4.18.1', revision: 'b1d3319b48'
System info: os.name: 'Windows 10', os.arch: 'amd64', os.version: '10.0', java.version: '17.0.1'
Driver info: org.openqa.selenium.chrome.ChromeDriver
Command: [aa581b8136adc66359f525d4fe89a7b4, clickElement {id=f.A499566C731CF19B6D90BE685C0F9100.d.3D22D41315AEE8D46B0DC0477D551C20.e.17}]
Capabilities {acceptInsecureCerts: false, browserName: chrome, browserVersion: 135.0.7049.115, chrome: {chromedriverVersion: 135.0.7049.114 (63fd8a7d9d0..., userDataDir: C:\Users\saanv\AppData\Loca...}, fedcm:accounts: true, goog:chromeOptions: {debuggerAddress: localhost:59240}, networkConnectionEnabled: false, pageLoadStrategy: normal, platformName: windows, proxy: Proxy(), se:cdp: ws://localhost:59240/devtoo..., se:cdpVersion: 135.0.7049.115, setWindowRect: true, strictFileInteractability: false, timeouts: {implicit: 0, pageLoad: 300000, script: 30000}, unhandledPromptBehavior: dismiss and notify, webauthn:extension:credBlob: true, webauthn:extension:largeBlob: true, webauthn:extension:minPinLength: true, webauthn:extension:prf: true, webauthn:virtualAuthenticators: true}
Element: [[ChromeDriver: chrome on windows (aa581b8136adc66359f525d4fe89a7b4)] -&gt; xpath: //span[contains(text(), 'Login')]]
Session ID: aa581b8136adc66359f525d4fe89a7b4&#13;
	at java.base/jdk.internal.reflect.NativeConstructorAccessorImpl.newInstance0(Native Method)&#13;
	at java.base/jdk.internal.reflect.NativeConstructorAccessorImpl.newInstance(NativeConstructorAccessorImpl.java:77)&#13;
	at java.base/jdk.internal.reflect.DelegatingConstructorAccessorImpl.newInstance(DelegatingConstructorAccessorImpl.java:45)&#13;
	at java.base/java.lang.reflect.Constructor.newInstanceWithCaller(Constructor.java:499)&#13;
	at java.base/java.lang.reflect.Constructor.newInstance(Constructor.java:480)&#13;
	at org.openqa.selenium.remote.ErrorCodec.decode(ErrorCodec.java:167)&#13;
	at org.openqa.selenium.remote.codec.w3c.W3CHttpResponseCodec.decode(W3CHttpResponseCodec.java:138)&#13;
	at org.openqa.selenium.remote.codec.w3c.W3CHttpResponseCodec.decode(W3CHttpResponseCodec.java:50)&#13;
	at org.openqa.selenium.remote.HttpCommandExecutor.execute(HttpCommandExecutor.java:190)&#13;
	at org.openqa.selenium.remote.service.DriverCommandExecutor.invokeExecute(DriverCommandExecutor.java:216)&#13;
	at org.openqa.selenium.remote.service.DriverCommandExecutor.execute(DriverCommandExecutor.java:174)&#13;
	at org.openqa.selenium.remote.RemoteWebDriver.execute(RemoteWebDriver.java:519)&#13;
	at org.openqa.selenium.remote.RemoteWebElement.execute(RemoteWebElement.java:223)&#13;
	at org.openqa.selenium.remote.RemoteWebElement.click(RemoteWebElement.java:76)&#13;
	at java.base/jdk.internal.reflect.NativeMethodAccessorImpl.invoke0(Native Method)&#13;
	at java.base/jdk.internal.reflect.NativeMethodAccessorImpl.invoke(NativeMethodAccessorImpl.java:77)&#13;
	at java.base/jdk.internal.reflect.DelegatingMethodAccessorImpl.invoke(DelegatingMethodAccessorImpl.java:43)&#13;
	at java.base/java.lang.reflect.Method.invoke(Method.java:568)&#13;
	at org.openqa.selenium.support.pagefactory.internal.LocatingElementHandler.invoke(LocatingElementHandler.java:51)&#13;
	at jdk.proxy2/jdk.proxy2.$Proxy20.click(Unknown Source)&#13;
	at PageClasses.AccountDetailsPage.submit_Login(AccountDetailsPage.java:83)&#13;
	at StepDefinition3.StepDefinition2.user_clicks_on_the_login_button(StepDefinition2.java:456)&#13;
	at ✽.user clicks on the Login Button(file:///C:/Users/saanv/eclipse-workspace/Kavita_GroTechMindsBankingProject/BDD_Cucumber_BankingProject/src/test/java/FeatureFiles2/AccountdetailScenario3.feature:9)&#13;
&#13;
</error>
      </testcase>
    </testsuite>
    <testsuite name="Validate ContactsUs Functionality of GrotechMinds Banking Application" time="40.858">
      <testcase name="Validate ContactsUs functionality in GrotechMinds Banking Application" classname="Validate ContactsUs Functionality of GrotechMinds Banking Application" time="40.858"/>
    </testsuite>
    <testsuite name="Validate Forgot password Functionality of GrotechMinds Banking Application" time="15.133">
      <testcase name="Validate Forgot password functionality in GrotechMinds Banking Application" classname="Validate Forgot password Functionality of GrotechMinds Banking Application" time="15.133">
        <error>org.openqa.selenium.NoSuchSessionException: invalid session id: session deleted as the browser has closed the connection
from disconnected: not connected to DevTools
  (Session info: chrome=135.0.7049.115)
Build info: version: '4.18.1', revision: 'b1d3319b48'
System info: os.name: 'Windows 10', os.arch: 'amd64', os.version: '10.0', java.version: '17.0.1'
Driver info: org.openqa.selenium.chrome.ChromeDriver
Command: [d3c666936a71bd77c5c21cd249f9bdd8, findElement {value=div.js-successbox.t-form__successbox, using=css selector}]
Capabilities {acceptInsecureCerts: false, browserName: chrome, browserVersion: 135.0.7049.115, chrome: {chromedriverVersion: 135.0.7049.114 (63fd8a7d9d0..., userDataDir: C:\Users\saanv\AppData\Loca...}, fedcm:accounts: true, goog:chromeOptions: {debuggerAddress: localhost:59376}, networkConnectionEnabled: false, pageLoadStrategy: normal, platformName: windows, proxy: Proxy(), se:cdp: ws://localhost:59376/devtoo..., se:cdpVersion: 135.0.7049.115, setWindowRect: true, strictFileInteractability: false, timeouts: {implicit: 0, pageLoad: 300000, script: 30000}, unhandledPromptBehavior: dismiss and notify, webauthn:extension:credBlob: true, webauthn:extension:largeBlob: true, webauthn:extension:minPinLength: true, webauthn:extension:prf: true, webauthn:virtualAuthenticators: true}
Session ID: d3c666936a71bd77c5c21cd249f9bdd8&#13;
	at java.base/jdk.internal.reflect.NativeConstructorAccessorImpl.newInstance0(Native Method)&#13;
	at java.base/jdk.internal.reflect.NativeConstructorAccessorImpl.newInstance(NativeConstructorAccessorImpl.java:77)&#13;
	at java.base/jdk.internal.reflect.DelegatingConstructorAccessorImpl.newInstance(DelegatingConstructorAccessorImpl.java:45)&#13;
	at java.base/java.lang.reflect.Constructor.newInstanceWithCaller(Constructor.java:499)&#13;
	at java.base/java.lang.reflect.Constructor.newInstance(Constructor.java:480)&#13;
	at org.openqa.selenium.remote.ErrorCodec.decode(ErrorCodec.java:167)&#13;
	at org.openqa.selenium.remote.codec.w3c.W3CHttpResponseCodec.decode(W3CHttpResponseCodec.java:138)&#13;
	at org.openqa.selenium.remote.codec.w3c.W3CHttpResponseCodec.decode(W3CHttpResponseCodec.java:50)&#13;
	at org.openqa.selenium.remote.HttpCommandExecutor.execute(HttpCommandExecutor.java:190)&#13;
	at org.openqa.selenium.remote.service.DriverCommandExecutor.invokeExecute(DriverCommandExecutor.java:216)&#13;
	at org.openqa.selenium.remote.service.DriverCommandExecutor.execute(DriverCommandExecutor.java:174)&#13;
	at org.openqa.selenium.remote.RemoteWebDriver.execute(RemoteWebDriver.java:519)&#13;
	at org.openqa.selenium.remote.ElementLocation$ElementFinder$2.findElement(ElementLocation.java:165)&#13;
	at org.openqa.selenium.remote.ElementLocation.findElement(ElementLocation.java:59)&#13;
	at org.openqa.selenium.remote.RemoteWebDriver.findElement(RemoteWebDriver.java:356)&#13;
	at org.openqa.selenium.remote.RemoteWebDriver.findElement(RemoteWebDriver.java:350)&#13;
	at org.openqa.selenium.support.ui.ExpectedConditions$13.apply(ExpectedConditions.java:372)&#13;
	at org.openqa.selenium.support.ui.ExpectedConditions$13.apply(ExpectedConditions.java:368)&#13;
	at org.openqa.selenium.support.ui.FluentWait.until(FluentWait.java:203)&#13;
	at PageClasses.ForgetPasswordPage.val_expectedConditionWaitForResetButton(ForgetPasswordPage.java:74)&#13;
	at StepDefinition3.StepDefinition2.validate_that_user_able_to_reset_forgot_password_succesfully(StepDefinition2.java:184)&#13;
	at ✽.validate that user able to reset forgot password succesfully(file:///C:/Users/saanv/eclipse-workspace/Kavita_GroTechMindsBankingProject/BDD_Cucumber_BankingProject/src/test/java/FeatureFiles2/ForgotPassword.feature:8)&#13;
&#13;
</error>
      </testcase>
    </testsuite>
    <testsuite name="Validate Login Functionality of GrotechMinds Banking Application" incomplete="true">
      <testcase name="Validate Login functionality in GrotechMinds Banking Application" classname="Validate Login Functionality of GrotechMinds Banking Application" incomplete="true"/>
    </testsuite>
    <testsuite name="Validate SignUp Functionality of GrotechMinds Banking Application" incomplete="true">
      <testcase name="Validate signup functionality in GrotechMinds Banking Application" classname="Validate SignUp Functionality of GrotechMinds Banking Application" incomplete="true"/>
    </testsuite>
  </testsuite>
</testrun>
